时间：2017年 08月 08日 星期二 13:54:49 CST

正在停止正在运行的容器

76829a8c71af
正在删除已经停止的容器

76829a8c71af
正在启动phpmyadmin容器

1d3f2e88bfa83d2b1e2280e58787997e834973a4c43fcb1fc001f0dfb50e4301
./home/sc/桌面/系统自定义设置/src/开机自启动.sh: 行 10: ./网络开发环境设置.sh: 没有那个文件或目录
时间：2017年 08月 08日 星期二 13:54:59 CST

正在停止正在运行的容器

1d3f2e88bfa8
正在删除已经停止的容器

1d3f2e88bfa8
正在启动phpmyadmin容器

9b20e719e603e86ea1de9badffe1042020d4f17f4ed55f11a41a6571ff15dd44
./home/sc/桌面/系统自定义设置/src/开机自启动.sh: 行 10: ./网络开发环境设置.sh: 没有那个文件或目录
时间：2017年 08月 08日 星期二 13:55:10 CST

正在停止正在运行的容器

9b20e719e603
正在删除已经停止的容器

9b20e719e603
正在启动phpmyadmin容器

8632025f2b40636d8fd3441344984f345e07ddca8634326edac05a5eee554c4f
./home/sc/桌面/系统自定义设置/src/开机自启动.sh: 行 10: ./网络开发环境设置.sh: 没有那个文件或目录
时间：2017年 08月 08日 星期二 13:55:21 CST

正在停止正在运行的容器

8632025f2b40
正在删除已经停止的容器

8632025f2b40
正在启动phpmyadmin容器

ad76e90b11a3484bd2a0e35bdebaf03d898f2c82f4136034bf012cca473c8f61
./home/sc/桌面/系统自定义设置/src/开机自启动.sh: 行 10: ./网络开发环境设置.sh: 没有那个文件或目录
时间：2017年 08月 08日 星期二 13:55:31 CST

正在停止正在运行的容器

ad76e90b11a3
正在删除已经停止的容器

ad76e90b11a3
正在启动phpmyadmin容器

ded4de54861f92107ec31559a161ab34823c2f8e78ea81540269c42163609d5b
时间：2017年 08月 08日 星期二 13:57:27 CST

正在停止正在运行的容器

ded4de54861f
正在删除已经停止的容器

ded4de54861f
正在启动phpmyadmin容器

43869a05bfbcc64dc94d9a8ff5071046eab059848742bf2dfc49cae45b23d42c
时间：2017年 08月 08日 星期二 13:57:37 CST

正在停止正在运行的容器

43869a05bfbc
正在删除已经停止的容器

43869a05bfbc
正在启动phpmyadmin容器

3d346368b0dc835c49a75ad639879b25c452e393ce556268024958a90449bf58
时间：2017年 08月 08日 星期二 13:57:39 CST

正在停止正在运行的容器

3d346368b0dc
正在删除已经停止的容器

3d346368b0dc
正在启动phpmyadmin容器

0f659c6ee223ee794a54a3a7056de7344254ce8e0c78d65ff9bd5ca6b920c828
时间：2017年 08月 08日 星期二 13:58:18 CST

正在停止正在运行的容器

0f659c6ee223
正在删除已经停止的容器

0f659c6ee223
正在启动phpmyadmin容器

57c25085cefd902886af28c7097c1d07a44cd3d48eb26a477e4b0ae2a044da02
时间：2017年 08月 08日 星期二 14:08:51 CST

正在停止正在运行的容器

"docker stop" requires at least 1 argument(s).
See 'docker stop --help'.

Usage:  docker stop [OPTIONS] CONTAINER [CONTAINER...]

Stop one or more running containers
正在删除已经停止的容器

57c25085cefd
正在启动phpmyadmin容器

56e2e817596cca64a32e032d2f87131ba142591ef33d6f3968ee9b8d5b77bd45
时间：2017年 08月 08日 星期二 14:13:58 CST

正在停止正在运行的容器

56e2e817596c
正在删除已经停止的容器

56e2e817596c
正在启动phpmyadmin容器

e57c28de5253bd56e0c5fc5c7af2487761648d038f549e79443cbe537f724212
时间：2017年 08月 08日 星期二 14:14:00 CST

正在停止正在运行的容器

e57c28de5253
正在删除已经停止的容器

e57c28de5253
正在启动phpmyadmin容器

17036f2620c3986df6ea29845e4795e759bdf6073ebd178dbfc1d8ea33f171ec
时间：2017年 08月 08日 星期二 14:14:34 CST

正在停止正在运行的容器

17036f2620c3
正在删除已经停止的容器

17036f2620c3
正在启动phpmyadmin容器

5f5f43d11b4bd47a2fe255e5c99e980b28c28d3500945c25c27e72311428d875
时间：2017年 08月 08日 星期二 14:14:36 CST

正在停止正在运行的容器

5f5f43d11b4b
正在删除已经停止的容器

5f5f43d11b4b
正在启动phpmyadmin容器

586566b3a218563eda52baa379c90706709ca427054df2574344a748744e5815
时间：2017年 08月 08日 星期二 14:15:34 CST

正在停止正在运行的容器

586566b3a218
正在删除已经停止的容器

586566b3a218
正在启动phpmyadmin容器

5478ee87316f2c1898d8b0c4f7b5507e58276f030492eb028a5eaec09cd5cd53
时间：2017年 08月 08日 星期二 14:15:37 CST

正在停止正在运行的容器

5478ee87316f
正在删除已经停止的容器

5478ee87316f
正在启动phpmyadmin容器

633f52768d23643f8679e80fa9bce145576187ab655a6723a6454526714d3d4c
时间：2017年 08月 08日 星期二 14:15:39 CST

正在停止正在运行的容器

633f52768d23
正在删除已经停止的容器

633f52768d23
正在启动phpmyadmin容器

fd8738d06487a54211006db6f9d75c69791ffade491c53439a25b112fc5ae275
时间：2017年 08月 08日 星期二 16:37:43 CST

正在停止正在运行的容器

"docker stop" requires at least 1 argument(s).
See 'docker stop --help'.

Usage:  docker stop [OPTIONS] CONTAINER [CONTAINER...]

Stop one or more running containers
正在删除已经停止的容器

fd8738d06487
正在启动phpmyadmin容器

b150ac77284ba718cba4cd5cb27f4831c60dbcd8a019ef750185451d028aed04
