supervisor: couldn't exec ./home/sc/桌面/系统自定义设置/src/网络开发环境设置.sh: ENOEXEC
supervisor: child process was not spawned
supervisor: couldn't exec ./home/sc/桌面/系统自定义设置/src/网络开发环境设置.sh: ENOEXEC
supervisor: child process was not spawned
supervisor: couldn't exec ./home/sc/桌面/系统自定义设置/src/网络开发环境设置.sh: ENOEXEC
supervisor: child process was not spawned
supervisor: couldn't exec ./home/sc/桌面/系统自定义设置/src/网络开发环境设置.sh: ENOEXEC
supervisor: child process was not spawned
supervisor: couldn't exec ./home/sc/桌面/系统自定义设置/src/网络开发环境设置.sh: ENOEXEC
supervisor: child process was not spawned
supervisor: couldn't exec ./home/sc/桌面/系统自定义设置/src/网络开发环境设置.sh: ENOEXEC
supervisor: child process was not spawned
supervisor: couldn't exec ./home/sc/桌面/系统自定义设置/src/网络开发环境设置.sh: ENOEXEC
supervisor: child process was not spawned
supervisor: couldn't exec ./home/sc/桌面/系统自定义设置/src/网络开发环境设置.sh: ENOEXEC
supervisor: child process was not spawned
supervisor: couldn't exec ./home/sc/桌面/系统自定义设置/src/网络开发环境设置.sh: ENOEXEC
supervisor: child process was not spawned
supervisor: couldn't exec ./home/sc/桌面/系统自定义设置/src/网络开发环境设置.sh: ENOEXEC
supervisor: child process was not spawned
supervisor: couldn't exec ./home/sc/桌面/系统自定义设置/src/网络开发环境设置.sh: ENOEXEC
supervisor: child process was not spawned
supervisor: couldn't exec ./home/sc/桌面/系统自定义设置/src/网络开发环境设置.sh: ENOEXEC
supervisor: child process was not spawned
supervisor: couldn't exec ./home/sc/桌面/系统自定义设置/src/网络开发环境设置.sh: ENOEXEC
supervisor: child process was not spawned
supervisor: couldn't exec ./home/sc/桌面/系统自定义设置/src/网络开发环境设置.sh: ENOEXEC
supervisor: child process was not spawned
supervisor: couldn't exec ./home/sc/桌面/系统自定义设置/src/网络开发环境设置.sh: ENOEXEC
supervisor: child process was not spawned
supervisor: couldn't exec ./home/sc/桌面/系统自定义设置/src/网络开发环境设置.sh: ENOEXEC
supervisor: child process was not spawned
supervisor: couldn't exec ./home/sc/桌面/系统自定义设置/src/网络开发环境设置.sh: ENOEXEC
supervisor: child process was not spawned
supervisor: couldn't exec ./home/sc/桌面/系统自定义设置/src/网络开发环境设置.sh: ENOEXEC
supervisor: child process was not spawned
supervisor: couldn't exec ./home/sc/桌面/系统自定义设置/src/网络开发环境设置.sh: ENOEXEC
supervisor: child process was not spawned
supervisor: couldn't exec ./home/sc/桌面/系统自定义设置/src/网络开发环境设置.sh: ENOEXEC
supervisor: child process was not spawned
RTNETLINK answers: File exists
RTNETLINK answers: File exists
RTNETLINK answers: File exists
3: docker0: <BROADCAST,MULTICAST,UP,LOWER_UP> mtu 1500 qdisc noqueue state UP group default 
    link/ether 02:42:08:e1:89:74 brd ff:ff:ff:ff:ff:ff
    inet 172.17.0.1/16 scope global docker0
       valid_lft forever preferred_lft forever
    inet 119.23.79.136/24 scope global docker0
       valid_lft forever preferred_lft forever
    inet 172.18.137.23/24 scope global docker0
       valid_lft forever preferred_lft forever
    inet 172.18.137.21/24 scope global secondary docker0
       valid_lft forever preferred_lft forever
    inet6 fe80::42:8ff:fee1:8974/64 scope link 
       valid_lft forever preferred_lft forever
RTNETLINK answers: File exists
RTNETLINK answers: File exists
RTNETLINK answers: File exists
3: docker0: <BROADCAST,MULTICAST,UP,LOWER_UP> mtu 1500 qdisc noqueue state UP group default 
    link/ether 02:42:08:e1:89:74 brd ff:ff:ff:ff:ff:ff
    inet 172.17.0.1/16 scope global docker0
       valid_lft forever preferred_lft forever
    inet 119.23.79.136/24 scope global docker0
       valid_lft forever preferred_lft forever
    inet 172.18.137.23/24 scope global docker0
       valid_lft forever preferred_lft forever
    inet 172.18.137.21/24 scope global secondary docker0
       valid_lft forever preferred_lft forever
    inet6 fe80::42:8ff:fee1:8974/64 scope link 
       valid_lft forever preferred_lft forever
RTNETLINK answers: File exists
RTNETLINK answers: File exists
RTNETLINK answers: File exists
3: docker0: <BROADCAST,MULTICAST,UP,LOWER_UP> mtu 1500 qdisc noqueue state UP group default 
    link/ether 02:42:08:e1:89:74 brd ff:ff:ff:ff:ff:ff
    inet 172.17.0.1/16 scope global docker0
       valid_lft forever preferred_lft forever
    inet 119.23.79.136/24 scope global docker0
       valid_lft forever preferred_lft forever
    inet 172.18.137.23/24 scope global docker0
       valid_lft forever preferred_lft forever
    inet 172.18.137.21/24 scope global secondary docker0
       valid_lft forever preferred_lft forever
    inet6 fe80::42:8ff:fee1:8974/64 scope link 
       valid_lft forever preferred_lft forever
RTNETLINK answers: File exists
RTNETLINK answers: File exists
RTNETLINK answers: File exists
3: docker0: <BROADCAST,MULTICAST,UP,LOWER_UP> mtu 1500 qdisc noqueue state UP group default 
    link/ether 02:42:08:e1:89:74 brd ff:ff:ff:ff:ff:ff
    inet 172.17.0.1/16 scope global docker0
       valid_lft forever preferred_lft forever
    inet 119.23.79.136/24 scope global docker0
       valid_lft forever preferred_lft forever
    inet 172.18.137.23/24 scope global docker0
       valid_lft forever preferred_lft forever
    inet 172.18.137.21/24 scope global secondary docker0
       valid_lft forever preferred_lft forever
    inet6 fe80::42:8ff:fee1:8974/64 scope link 
       valid_lft forever preferred_lft forever
